Content-Encoding: ISO-8859-1
Content-Length: 100821
Content-Type: application/sentiment
Sentiment: : positive
Sentiment: : positive
Sentiment: : positive
Sentiment: : positive
Sentiment: : positive
Sentiment: : negative
Sentiment: : positive
Sentiment: : negative
Sentiment: : negative
Sentiment: : positive
Sentiment: : negative
Sentiment: : negative
Sentiment: : positive
Sentiment: : negative
Sentiment: : negative
Sentiment: : positive
Sentiment: : positive
Sentiment: : positive
Sentiment: : negative
Sentiment: : positive
Sentiment: : positive
Sentiment: : positive
Sentiment: : positive
Sentiment: : positive
Sentiment: : negative
Sentiment: : positive
Sentiment: : negative
Sentiment: : negative
Sentiment: : positive
Sentiment: : positive
Sentiment: : positive
Sentiment: : positive
Sentiment: : negative
Sentiment: : positive
Sentiment: : positive
Sentiment: : positive
Sentiment: : positive
Sentiment: : positive
Sentiment: : negative
Sentiment: : negative
Sentiment: : positive
Sentiment: : positive
Sentiment: : positive
Sentiment: : positive
Sentiment: : negative
Sentiment: : negative
Sentiment: : negative
Sentiment: : negative
Sentiment: : positive
Sentiment: : positive
Sentiment: : negative
Sentiment: : positive
Sentiment: : positive
Sentiment: : negative
Sentiment: : positive
Sentiment: : positive
Sentiment: : negative
Sentiment: : positive
Sentiment: : positive
Sentiment: : negative
Sentiment: : negative
Sentiment: : positive
Sentiment: : positive
Sentiment: : positive
Sentiment: : positive
Sentiment: : negative
Sentiment: : positive
Sentiment: : positive
Sentiment: : positive
Sentiment: : positive
Sentiment: : positive
Sentiment: : positive
Sentiment: : negative
Sentiment: : positive
Sentiment: : negative
Sentiment: : positive
Sentiment: : negative
Sentiment: : negative
Sentiment: : positive
Sentiment: : negative
Sentiment: : positive
Sentiment: : positive
Sentiment: : positive
Sentiment: : positive
Sentiment: : positive
Sentiment: : negative
Sentiment: : positive
Sentiment: : positive
Sentiment: : negative
Sentiment: : negative
Sentiment: : positive
Sentiment: : positive
Sentiment: : positive
Sentiment: : negative
Sentiment: : positive
X-Parsed-By: org.apache.tika.parser.EmptyParser
X-Parsed-By: org.apache.tika.parser.DefaultParser
X-Parsed-By: org.apache.tika.parser.sentiment.analysis.SentimentParser
X-Parsed-By: org.apache.tika.parser.DefaultParser
X-Parsed-By: org.apache.tika.parser.sentiment.analysis.SentimentParser
X-Parsed-By: org.apache.tika.parser.DefaultParser
X-Parsed-By: org.apache.tika.parser.sentiment.analysis.SentimentParser
X-Parsed-By: org.apache.tika.parser.DefaultParser
X-Parsed-By: org.apache.tika.parser.sentiment.analysis.SentimentParser
X-Parsed-By: org.apache.tika.parser.DefaultParser
X-Parsed-By: org.apache.tika.parser.sentiment.analysis.SentimentParser
X-Parsed-By: org.apache.tika.parser.DefaultParser
X-Parsed-By: org.apache.tika.parser.sentiment.analysis.SentimentParser
X-Parsed-By: org.apache.tika.parser.DefaultParser
X-Parsed-By: org.apache.tika.parser.sentiment.analysis.SentimentParser
X-Parsed-By: org.apache.tika.parser.DefaultParser
X-Parsed-By: org.apache.tika.parser.sentiment.analysis.SentimentParser
X-Parsed-By: org.apache.tika.parser.DefaultParser
X-Parsed-By: org.apache.tika.parser.sentiment.analysis.SentimentParser
X-Parsed-By: org.apache.tika.parser.DefaultParser
X-Parsed-By: org.apache.tika.parser.sentiment.analysis.SentimentParser
X-Parsed-By: org.apache.tika.parser.DefaultParser
X-Parsed-By: org.apache.tika.parser.sentiment.analysis.SentimentParser
X-Parsed-By: org.apache.tika.parser.DefaultParser
X-Parsed-By: org.apache.tika.parser.sentiment.analysis.SentimentParser
X-Parsed-By: org.apache.tika.parser.DefaultParser
X-Parsed-By: org.apache.tika.parser.sentiment.analysis.SentimentParser
X-Parsed-By: org.apache.tika.parser.DefaultParser
X-Parsed-By: org.apache.tika.parser.sentiment.analysis.SentimentParser
X-Parsed-By: org.apache.tika.parser.DefaultParser
X-Parsed-By: org.apache.tika.parser.sentiment.analysis.SentimentParser
X-Parsed-By: org.apache.tika.parser.DefaultParser
X-Parsed-By: org.apache.tika.parser.sentiment.analysis.SentimentParser
X-Parsed-By: org.apache.tika.parser.DefaultParser
X-Parsed-By: org.apache.tika.parser.sentiment.analysis.SentimentParser
X-Parsed-By: org.apache.tika.parser.DefaultParser
X-Parsed-By: org.apache.tika.parser.sentiment.analysis.SentimentParser
X-Parsed-By: org.apache.tika.parser.DefaultParser
X-Parsed-By: org.apache.tika.parser.sentiment.analysis.SentimentParser
X-Parsed-By: org.apache.tika.parser.DefaultParser
X-Parsed-By: org.apache.tika.parser.sentiment.analysis.SentimentParser
X-Parsed-By: org.apache.tika.parser.DefaultParser
X-Parsed-By: org.apache.tika.parser.sentiment.analysis.SentimentParser
X-Parsed-By: org.apache.tika.parser.DefaultParser
X-Parsed-By: org.apache.tika.parser.sentiment.analysis.SentimentParser
X-Parsed-By: org.apache.tika.parser.DefaultParser
X-Parsed-By: org.apache.tika.parser.sentiment.analysis.SentimentParser
X-Parsed-By: org.apache.tika.parser.DefaultParser
X-Parsed-By: org.apache.tika.parser.sentiment.analysis.SentimentParser
X-Parsed-By: org.apache.tika.parser.DefaultParser
X-Parsed-By: org.apache.tika.parser.sentiment.analysis.SentimentParser
X-Parsed-By: org.apache.tika.parser.DefaultParser
X-Parsed-By: org.apache.tika.parser.sentiment.analysis.SentimentParser
X-Parsed-By: org.apache.tika.parser.DefaultParser
X-Parsed-By: org.apache.tika.parser.sentiment.analysis.SentimentParser
X-Parsed-By: org.apache.tika.parser.DefaultParser
X-Parsed-By: org.apache.tika.parser.sentiment.analysis.SentimentParser
X-Parsed-By: org.apache.tika.parser.DefaultParser
X-Parsed-By: org.apache.tika.parser.sentiment.analysis.SentimentParser
X-Parsed-By: org.apache.tika.parser.DefaultParser
X-Parsed-By: org.apache.tika.parser.sentiment.analysis.SentimentParser
X-Parsed-By: org.apache.tika.parser.DefaultParser
X-Parsed-By: org.apache.tika.parser.sentiment.analysis.SentimentParser
X-Parsed-By: org.apache.tika.parser.DefaultParser
X-Parsed-By: org.apache.tika.parser.sentiment.analysis.SentimentParser
X-Parsed-By: org.apache.tika.parser.DefaultParser
X-Parsed-By: org.apache.tika.parser.sentiment.analysis.SentimentParser
X-Parsed-By: org.apache.tika.parser.DefaultParser
X-Parsed-By: org.apache.tika.parser.sentiment.analysis.SentimentParser
X-Parsed-By: org.apache.tika.parser.DefaultParser
X-Parsed-By: org.apache.tika.parser.sentiment.analysis.SentimentParser
X-Parsed-By: org.apache.tika.parser.DefaultParser
X-Parsed-By: org.apache.tika.parser.sentiment.analysis.SentimentParser
X-Parsed-By: org.apache.tika.parser.DefaultParser
X-Parsed-By: org.apache.tika.parser.sentiment.analysis.SentimentParser
X-Parsed-By: org.apache.tika.parser.DefaultParser
X-Parsed-By: org.apache.tika.parser.sentiment.analysis.SentimentParser
X-Parsed-By: org.apache.tika.parser.DefaultParser
X-Parsed-By: org.apache.tika.parser.sentiment.analysis.SentimentParser
X-Parsed-By: org.apache.tika.parser.DefaultParser
X-Parsed-By: org.apache.tika.parser.sentiment.analysis.SentimentParser
X-Parsed-By: org.apache.tika.parser.DefaultParser
X-Parsed-By: org.apache.tika.parser.sentiment.analysis.SentimentParser
X-Parsed-By: org.apache.tika.parser.DefaultParser
X-Parsed-By: org.apache.tika.parser.sentiment.analysis.SentimentParser
X-Parsed-By: org.apache.tika.parser.DefaultParser
X-Parsed-By: org.apache.tika.parser.sentiment.analysis.SentimentParser
X-Parsed-By: org.apache.tika.parser.DefaultParser
X-Parsed-By: org.apache.tika.parser.sentiment.analysis.SentimentParser
X-Parsed-By: org.apache.tika.parser.DefaultParser
X-Parsed-By: org.apache.tika.parser.sentiment.analysis.SentimentParser
X-Parsed-By: org.apache.tika.parser.DefaultParser
X-Parsed-By: org.apache.tika.parser.sentiment.analysis.SentimentParser
X-Parsed-By: org.apache.tika.parser.DefaultParser
X-Parsed-By: org.apache.tika.parser.sentiment.analysis.SentimentParser
X-Parsed-By: org.apache.tika.parser.DefaultParser
X-Parsed-By: org.apache.tika.parser.sentiment.analysis.SentimentParser
X-Parsed-By: org.apache.tika.parser.DefaultParser
X-Parsed-By: org.apache.tika.parser.sentiment.analysis.SentimentParser
X-Parsed-By: org.apache.tika.parser.DefaultParser
X-Parsed-By: org.apache.tika.parser.sentiment.analysis.SentimentParser
X-Parsed-By: org.apache.tika.parser.DefaultParser
X-Parsed-By: org.apache.tika.parser.sentiment.analysis.SentimentParser
X-Parsed-By: org.apache.tika.parser.DefaultParser
X-Parsed-By: org.apache.tika.parser.sentiment.analysis.SentimentParser
X-Parsed-By: org.apache.tika.parser.DefaultParser
X-Parsed-By: org.apache.tika.parser.sentiment.analysis.SentimentParser
X-Parsed-By: org.apache.tika.parser.DefaultParser
X-Parsed-By: org.apache.tika.parser.sentiment.analysis.SentimentParser
X-Parsed-By: org.apache.tika.parser.DefaultParser
X-Parsed-By: org.apache.tika.parser.sentiment.analysis.SentimentParser
X-Parsed-By: org.apache.tika.parser.DefaultParser
X-Parsed-By: org.apache.tika.parser.sentiment.analysis.SentimentParser
X-Parsed-By: org.apache.tika.parser.DefaultParser
X-Parsed-By: org.apache.tika.parser.sentiment.analysis.SentimentParser
X-Parsed-By: org.apache.tika.parser.DefaultParser
X-Parsed-By: org.apache.tika.parser.sentiment.analysis.SentimentParser
X-Parsed-By: org.apache.tika.parser.DefaultParser
X-Parsed-By: org.apache.tika.parser.sentiment.analysis.SentimentParser
X-Parsed-By: org.apache.tika.parser.DefaultParser
X-Parsed-By: org.apache.tika.parser.sentiment.analysis.SentimentParser
X-Parsed-By: org.apache.tika.parser.DefaultParser
X-Parsed-By: org.apache.tika.parser.sentiment.analysis.SentimentParser
X-Parsed-By: org.apache.tika.parser.DefaultParser
X-Parsed-By: org.apache.tika.parser.sentiment.analysis.SentimentParser
X-Parsed-By: org.apache.tika.parser.DefaultParser
X-Parsed-By: org.apache.tika.parser.sentiment.analysis.SentimentParser
X-Parsed-By: org.apache.tika.parser.DefaultParser
X-Parsed-By: org.apache.tika.parser.sentiment.analysis.SentimentParser
X-Parsed-By: org.apache.tika.parser.DefaultParser
X-Parsed-By: org.apache.tika.parser.sentiment.analysis.SentimentParser
X-Parsed-By: org.apache.tika.parser.DefaultParser
X-Parsed-By: org.apache.tika.parser.sentiment.analysis.SentimentParser
X-Parsed-By: org.apache.tika.parser.DefaultParser
X-Parsed-By: org.apache.tika.parser.sentiment.analysis.SentimentParser
X-Parsed-By: org.apache.tika.parser.DefaultParser
X-Parsed-By: org.apache.tika.parser.sentiment.analysis.SentimentParser
X-Parsed-By: org.apache.tika.parser.DefaultParser
X-Parsed-By: org.apache.tika.parser.sentiment.analysis.SentimentParser
X-Parsed-By: org.apache.tika.parser.DefaultParser
X-Parsed-By: org.apache.tika.parser.html.HtmlParser
X-Parsed-By: org.apache.tika.parser.DefaultParser
X-Parsed-By: org.apache.tika.parser.sentiment.analysis.SentimentParser
X-Parsed-By: org.apache.tika.parser.DefaultParser
X-Parsed-By: org.apache.tika.parser.sentiment.analysis.SentimentParser
X-Parsed-By: org.apache.tika.parser.DefaultParser
X-Parsed-By: org.apache.tika.parser.sentiment.analysis.SentimentParser
X-Parsed-By: org.apache.tika.parser.DefaultParser
X-Parsed-By: org.apache.tika.parser.sentiment.analysis.SentimentParser
X-Parsed-By: org.apache.tika.parser.DefaultParser
X-Parsed-By: org.apache.tika.parser.sentiment.analysis.SentimentParser
X-Parsed-By: org.apache.tika.parser.DefaultParser
X-Parsed-By: org.apache.tika.parser.sentiment.analysis.SentimentParser
X-Parsed-By: org.apache.tika.parser.DefaultParser
X-Parsed-By: org.apache.tika.parser.sentiment.analysis.SentimentParser
X-Parsed-By: org.apache.tika.parser.DefaultParser
X-Parsed-By: org.apache.tika.parser.html.HtmlParser
X-Parsed-By: org.apache.tika.parser.DefaultParser
X-Parsed-By: org.apache.tika.parser.sentiment.analysis.SentimentParser
X-Parsed-By: org.apache.tika.parser.DefaultParser
X-Parsed-By: org.apache.tika.parser.sentiment.analysis.SentimentParser
X-Parsed-By: org.apache.tika.parser.DefaultParser
X-Parsed-By: org.apache.tika.parser.sentiment.analysis.SentimentParser
X-Parsed-By: org.apache.tika.parser.DefaultParser
X-Parsed-By: org.apache.tika.parser.sentiment.analysis.SentimentParser
X-Parsed-By: org.apache.tika.parser.DefaultParser
X-Parsed-By: org.apache.tika.parser.sentiment.analysis.SentimentParser
X-Parsed-By: org.apache.tika.parser.DefaultParser
X-Parsed-By: org.apache.tika.parser.sentiment.analysis.SentimentParser
X-Parsed-By: org.apache.tika.parser.DefaultParser
X-Parsed-By: org.apache.tika.parser.sentiment.analysis.SentimentParser
X-Parsed-By: org.apache.tika.parser.DefaultParser
X-Parsed-By: org.apache.tika.parser.sentiment.analysis.SentimentParser
X-Parsed-By: org.apache.tika.parser.DefaultParser
X-Parsed-By: org.apache.tika.parser.sentiment.analysis.SentimentParser
X-Parsed-By: org.apache.tika.parser.DefaultParser
X-Parsed-By: org.apache.tika.parser.sentiment.analysis.SentimentParser
X-Parsed-By: org.apache.tika.parser.DefaultParser
X-Parsed-By: org.apache.tika.parser.sentiment.analysis.SentimentParser
X-Parsed-By: org.apache.tika.parser.DefaultParser
X-Parsed-By: org.apache.tika.parser.sentiment.analysis.SentimentParser
X-Parsed-By: org.apache.tika.parser.DefaultParser
X-Parsed-By: org.apache.tika.parser.html.HtmlParser
X-Parsed-By: org.apache.tika.parser.DefaultParser
X-Parsed-By: org.apache.tika.parser.sentiment.analysis.SentimentParser
X-Parsed-By: org.apache.tika.parser.DefaultParser
X-Parsed-By: org.apache.tika.parser.sentiment.analysis.SentimentParser
X-Parsed-By: org.apache.tika.parser.DefaultParser
X-Parsed-By: org.apache.tika.parser.sentiment.analysis.SentimentParser
X-Parsed-By: org.apache.tika.parser.DefaultParser
X-Parsed-By: org.apache.tika.parser.sentiment.analysis.SentimentParser
X-Parsed-By: org.apache.tika.parser.DefaultParser
X-Parsed-By: org.apache.tika.parser.sentiment.analysis.SentimentParser
X-Parsed-By: org.apache.tika.parser.DefaultParser
X-Parsed-By: org.apache.tika.parser.sentiment.analysis.SentimentParser
X-Parsed-By: org.apache.tika.parser.DefaultParser
X-Parsed-By: org.apache.tika.parser.sentiment.analysis.SentimentParser
model: target/sentiment/model/org/apache/tika/parser/sentiment/topic/en-sentiment.bin
resourceName: 32578.sent
