Content-Length: 100265
Content-Type: application/sentiment
Sentiment: : positive
Sentiment: : positive
Sentiment: : positive
Sentiment: : negative
Sentiment: : positive
Sentiment: : positive
Sentiment: : positive
Sentiment: : positive
Sentiment: : negative
Sentiment: : positive
Sentiment: : negative
Sentiment: : positive
Sentiment: : positive
Sentiment: : negative
Sentiment: : positive
Sentiment: : positive
Sentiment: : positive
Sentiment: : positive
Sentiment: : positive
Sentiment: : positive
Sentiment: : negative
Sentiment: : positive
Sentiment: : positive
Sentiment: : negative
Sentiment: : positive
Sentiment: : positive
Sentiment: : positive
Sentiment: : negative
Sentiment: : negative
Sentiment: : positive
Sentiment: : positive
Sentiment: : positive
Sentiment: : positive
Sentiment: : positive
Sentiment: : positive
Sentiment: : negative
Sentiment: : negative
X-Parsed-By: org.apache.tika.parser.EmptyParser
X-Parsed-By: org.apache.tika.parser.DefaultParser
X-Parsed-By: org.apache.tika.parser.sentiment.analysis.SentimentParser
X-Parsed-By: org.apache.tika.parser.DefaultParser
X-Parsed-By: org.apache.tika.parser.sentiment.analysis.SentimentParser
X-Parsed-By: org.apache.tika.parser.DefaultParser
X-Parsed-By: org.apache.tika.parser.sentiment.analysis.SentimentParser
X-Parsed-By: org.apache.tika.parser.DefaultParser
X-Parsed-By: org.apache.tika.parser.sentiment.analysis.SentimentParser
X-Parsed-By: org.apache.tika.parser.DefaultParser
X-Parsed-By: org.apache.tika.parser.sentiment.analysis.SentimentParser
X-Parsed-By: org.apache.tika.parser.DefaultParser
X-Parsed-By: org.apache.tika.parser.sentiment.analysis.SentimentParser
X-Parsed-By: org.apache.tika.parser.DefaultParser
X-Parsed-By: org.apache.tika.parser.sentiment.analysis.SentimentParser
X-Parsed-By: org.apache.tika.parser.DefaultParser
X-Parsed-By: org.apache.tika.parser.sentiment.analysis.SentimentParser
X-Parsed-By: org.apache.tika.parser.DefaultParser
X-Parsed-By: org.apache.tika.parser.sentiment.analysis.SentimentParser
X-Parsed-By: org.apache.tika.parser.DefaultParser
X-Parsed-By: org.apache.tika.parser.sentiment.analysis.SentimentParser
X-Parsed-By: org.apache.tika.parser.DefaultParser
X-Parsed-By: org.apache.tika.parser.sentiment.analysis.SentimentParser
X-Parsed-By: org.apache.tika.parser.DefaultParser
X-Parsed-By: org.apache.tika.parser.sentiment.analysis.SentimentParser
X-Parsed-By: org.apache.tika.parser.DefaultParser
X-Parsed-By: org.apache.tika.parser.sentiment.analysis.SentimentParser
X-Parsed-By: org.apache.tika.parser.DefaultParser
X-Parsed-By: org.apache.tika.parser.sentiment.analysis.SentimentParser
X-Parsed-By: org.apache.tika.parser.DefaultParser
X-Parsed-By: org.apache.tika.parser.sentiment.analysis.SentimentParser
X-Parsed-By: org.apache.tika.parser.DefaultParser
X-Parsed-By: org.apache.tika.parser.sentiment.analysis.SentimentParser
X-Parsed-By: org.apache.tika.parser.DefaultParser
X-Parsed-By: org.apache.tika.parser.sentiment.analysis.SentimentParser
X-Parsed-By: org.apache.tika.parser.DefaultParser
X-Parsed-By: org.apache.tika.parser.sentiment.analysis.SentimentParser
X-Parsed-By: org.apache.tika.parser.DefaultParser
X-Parsed-By: org.apache.tika.parser.sentiment.analysis.SentimentParser
X-Parsed-By: org.apache.tika.parser.DefaultParser
X-Parsed-By: org.apache.tika.parser.sentiment.analysis.SentimentParser
X-Parsed-By: org.apache.tika.parser.DefaultParser
X-Parsed-By: org.apache.tika.parser.sentiment.analysis.SentimentParser
X-Parsed-By: org.apache.tika.parser.DefaultParser
X-Parsed-By: org.apache.tika.parser.sentiment.analysis.SentimentParser
X-Parsed-By: org.apache.tika.parser.DefaultParser
X-Parsed-By: org.apache.tika.parser.sentiment.analysis.SentimentParser
X-Parsed-By: org.apache.tika.parser.DefaultParser
X-Parsed-By: org.apache.tika.parser.sentiment.analysis.SentimentParser
X-Parsed-By: org.apache.tika.parser.DefaultParser
X-Parsed-By: org.apache.tika.parser.sentiment.analysis.SentimentParser
X-Parsed-By: org.apache.tika.parser.DefaultParser
X-Parsed-By: org.apache.tika.parser.sentiment.analysis.SentimentParser
X-Parsed-By: org.apache.tika.parser.DefaultParser
X-Parsed-By: org.apache.tika.parser.sentiment.analysis.SentimentParser
X-Parsed-By: org.apache.tika.parser.DefaultParser
X-Parsed-By: org.apache.tika.parser.sentiment.analysis.SentimentParser
X-Parsed-By: org.apache.tika.parser.DefaultParser
X-Parsed-By: org.apache.tika.parser.sentiment.analysis.SentimentParser
X-Parsed-By: org.apache.tika.parser.DefaultParser
X-Parsed-By: org.apache.tika.parser.sentiment.analysis.SentimentParser
X-Parsed-By: org.apache.tika.parser.DefaultParser
X-Parsed-By: org.apache.tika.parser.sentiment.analysis.SentimentParser
X-Parsed-By: org.apache.tika.parser.DefaultParser
X-Parsed-By: org.apache.tika.parser.sentiment.analysis.SentimentParser
X-Parsed-By: org.apache.tika.parser.DefaultParser
X-Parsed-By: org.apache.tika.parser.sentiment.analysis.SentimentParser
X-Parsed-By: org.apache.tika.parser.DefaultParser
X-Parsed-By: org.apache.tika.parser.sentiment.analysis.SentimentParser
X-Parsed-By: org.apache.tika.parser.DefaultParser
X-Parsed-By: org.apache.tika.parser.sentiment.analysis.SentimentParser
X-Parsed-By: org.apache.tika.parser.DefaultParser
X-Parsed-By: org.apache.tika.parser.sentiment.analysis.SentimentParser
X-Parsed-By: org.apache.tika.parser.DefaultParser
X-Parsed-By: org.apache.tika.parser.sentiment.analysis.SentimentParser
model: target/sentiment/model/org/apache/tika/parser/sentiment/topic/en-sentiment.bin
resourceName: 4.sent
